<?xml version="1.0" encoding="UTF-8"?>
<!-- Generated by org.testng.reporters.JUnitReportReporter -->
<testsuite name="com.google.tests.GoogleSearchTC1" tests="1" time="34.690" ignored="0" failures="0" timestamp="26 Mar 2020 05:04:42 GMT" skipped="0" hostname="IN-5CG7192FW6" errors="0">
  <testcase name="TC01" time="34.690" classname="com.google.tests.GoogleSearchTC1"/>
</testsuite> <!-- com.google.tests.GoogleSearchTC1 -->
